\BOOKMARK [1][-]{section.1}{\376\377\000D\000P}{}% 1
\BOOKMARK [2][-]{subsection.1.1}{\376\377\145\164\145\160\122\022\122\006}{section.1}% 2
\BOOKMARK [2][-]{subsection.1.2}{\376\377\142\124\206\313\225\356\230\230}{section.1}% 3
\BOOKMARK [2][-]{subsection.1.3}{\376\377\131\032\221\315\200\314\123\005\000+\116\214\217\333\122\066\117\030\123\026\000+\000b\000i\000t\000s\000e\000t\117\030\123\026}{section.1}% 4
\BOOKMARK [2][-]{subsection.1.4}{\376\377\147\000\225\177\116\012\123\107\133\120\136\217\122\027}{section.1}% 5
\BOOKMARK [2][-]{subsection.1.5}{\376\377\147\000\225\177\121\154\121\161\133\120\136\217\122\027\000\040\117\030\123\026}{section.1}% 6
\BOOKMARK [2][-]{subsection.1.6}{\376\377\145\160\117\115\000d\000p}{section.1}% 7
\BOOKMARK [2][-]{subsection.1.7}{\376\377\150\021\137\142\000d\000p}{section.1}% 8
\BOOKMARK [2][-]{subsection.1.8}{\376\377\145\234\163\207\117\030\123\026\000\040\123\125\214\003\226\037\122\027}{section.1}% 9
\BOOKMARK [2][-]{subsection.1.9}{\376\377\145\257\127\146\176\263\150\021}{section.1}% 10
\BOOKMARK [1][-]{section.2}{\376\377\133\127\173\046\116\062\173\227\154\325}{}% 11
\BOOKMARK [2][-]{subsection.2.1}{\376\377\147\000\134\017\210\150\171\072\154\325}{section.2}% 12
\BOOKMARK [2][-]{subsection.2.2}{\376\377\000K\000M\000P}{section.2}% 13
\BOOKMARK [2][-]{subsection.2.3}{\376\377\142\151\134\125\000k\000m\000p}{section.2}% 14
\BOOKMARK [2][-]{subsection.2.4}{\376\377\000M\000a\000n\000a\000c\000h\000e\000r\173\227\154\325}{section.2}% 15
\BOOKMARK [2][-]{subsection.2.5}{\376\377\000A\000C\201\352\122\250\147\072}{section.2}% 16
\BOOKMARK [2][-]{subsection.2.6}{\376\377\000T\000r\000i\000e\126\376}{section.2}% 17
\BOOKMARK [2][-]{subsection.2.7}{\376\377\126\336\145\207\201\352\122\250\147\072}{section.2}% 18
\BOOKMARK [2][-]{subsection.2.8}{\376\377\124\016\177\000\145\160\176\304}{section.2}% 19
\BOOKMARK [2][-]{subsection.2.9}{\376\377\124\016\177\000\201\352\122\250\147\072}{section.2}% 20
\BOOKMARK [2][-]{subsection.2.10}{\376\377\153\143\122\031\210\150\217\276\137\017}{section.2}% 21
\BOOKMARK [1][-]{section.3}{\376\377\145\160\133\146}{}% 22
\BOOKMARK [2][-]{subsection.3.1}{\376\377\000F\000o\000r\000m\000u\000l\000a}{section.3}% 23
\BOOKMARK [2][-]{subsection.3.2}{\376\377\000p\000r\000u\000f\000e\000r\177\026\170\001}{section.3}% 24
\BOOKMARK [2][-]{subsection.3.3}{\376\377\167\351\226\065\116\130\154\325}{section.3}% 25
\BOOKMARK [2][-]{subsection.3.4}{\376\377\000B\000e\000r\000n\000o\000u\000l\000l\000i\145\160}{section.3}% 26
\BOOKMARK [2][-]{subsection.3.5}{\376\377\232\330\176\364\122\115\177\000\124\214}{section.3}% 27
\BOOKMARK [2][-]{subsection.3.6}{\376\377\131\032\230\171\137\017\143\322\120\074}{section.3}% 28
\BOOKMARK [2][-]{subsection.3.7}{\376\377\131\032\230\171\137\017\000i\000n\000v\000,\000l\000n\000,\000e\000x\000p\000:\000N\000T\000T\133\236\163\260}{section.3}% 29
\BOOKMARK [2][-]{subsection.3.8}{\376\377\116\214\153\041\122\151\117\131}{section.3}% 30
\BOOKMARK [2][-]{subsection.3.9}{\376\377\145\160\213\272\121\154\137\017}{section.3}% 31
\BOOKMARK [2][-]{subsection.3.10}{\376\377\203\253\153\324\116\114\145\257\121\375\145\160}{section.3}% 32
\BOOKMARK [2][-]{subsection.3.11}{\376\377\147\134\145\131\173\133}{section.3}% 33
\BOOKMARK [2][-]{subsection.3.12}{\376\377\175\040\145\160\124\214}{section.3}% 34
\BOOKMARK [2][-]{subsection.3.13}{\376\377\154\102\0001\000e\0001\0001\121\205\175\040\145\160\116\052\145\160}{section.3}% 35
\BOOKMARK [2][-]{subsection.3.14}{\376\377\000m\000i\000n\0002\0005\173\133}{section.3}% 36
\BOOKMARK [2][-]{subsection.3.15}{\376\377\176\246\145\160\116\052\145\160\122\115\177\000\124\214}{section.3}% 37
\BOOKMARK [2][-]{subsection.3.16}{\376\377\116\055\126\375\122\151\117\131\133\232\164\006\000C\000R\000T}{section.3}% 38
\BOOKMARK [2][-]{subsection.3.17}{\376\377\232\330\145\257\155\210\121\103}{section.3}% 39
\BOOKMARK [2][-]{subsection.3.18}{\376\377\000L\000u\000c\000a\000s\133\232\164\006}{section.3}% 40
\BOOKMARK [2][-]{subsection.3.19}{\376\377\000O\000\050\0001\000\051\137\353\220\037\116\130}{section.3}% 41
\BOOKMARK [2][-]{subsection.3.20}{\376\377\176\304\124\010\145\160\123\326\152\041\176\310\147\201\162\110}{section.3}% 42
\BOOKMARK [2][-]{subsection.3.21}{\376\377\142\306\174\373\145\160\000F\000F\000T}{section.3}% 43
\BOOKMARK [2][-]{subsection.3.22}{\376\377\122\006\154\273\000+\000f\000f\000t}{section.3}% 44
\BOOKMARK [2][-]{subsection.3.23}{\376\377\000F\000W\000T}{section.3}% 45
\BOOKMARK [2][-]{subsection.3.24}{\376\377\000P\000e\000l\000l\145\271\172\013}{section.3}% 46
\BOOKMARK [2][-]{subsection.3.25}{\376\377\000S\000t\000e\000r\000n\000-\000B\000r\000o\000c\000o\000t\000\040\000t\000r\000e\000e}{section.3}% 47
\BOOKMARK [2][-]{subsection.3.26}{\376\377\174\173\153\047\121\340\221\314\137\227\173\227\154\325}{section.3}% 48
\BOOKMARK [2][-]{subsection.3.27}{\376\377\000B\000M\173\227\154\325\000\050\000o\000r\000z\000\040\000d\000l\000s\000\051}{section.3}% 49
\BOOKMARK [2][-]{subsection.3.28}{\376\377\201\352\220\002\136\224\000S\000i\000m\000p\000s\000o\000n}{section.3}% 50
\BOOKMARK [2][-]{subsection.3.29}{\376\377\123\125\176\257\137\142\173\227\154\325}{section.3}% 51
\BOOKMARK [1][-]{section.4}{\376\377\145\160\143\156\176\323\147\204}{}% 52
\BOOKMARK [2][-]{subsection.4.1}{\376\377\150\021\116\012\124\057\123\321\137\017}{section.4}% 53
\BOOKMARK [2][-]{subsection.4.2}{\376\377\160\271\122\006\154\273}{section.4}% 54
\BOOKMARK [3][-]{subsubsection.4.2.1}{\376\377\227\131\140\001}{subsection.4.2}% 55
\BOOKMARK [3][-]{subsubsection.4.2.2}{\376\377\122\250\140\001}{subsection.4.2}% 56
\BOOKMARK [2][-]{subsection.4.3}{\376\377\136\166\147\345\226\306}{section.4}% 57
\BOOKMARK [2][-]{subsection.4.4}{\376\377\000T\000r\000i\000e\150\021}{section.4}% 58
\BOOKMARK [2][-]{subsection.4.5}{\376\377\123\357\143\001\116\105\123\026\000t\000r\000i\000e}{section.4}% 59
\BOOKMARK [2][-]{subsection.4.6}{\376\377\116\214\217\333\122\066\122\006\176\304\000+\000A\000C\201\352\122\250\147\072}{section.4}% 60
\BOOKMARK [2][-]{subsection.4.7}{\376\377\176\277\153\265\150\021}{section.4}% 61
\BOOKMARK [3][-]{subsubsection.4.7.1}{\376\377\134\017\156\005\145\260\176\277\153\265\150\021}{subsection.4.7}% 62
\BOOKMARK [3][-]{subsubsection.4.7.2}{\376\377\176\277\153\265\150\021\117\030\123\026\136\372\126\376}{subsection.4.7}% 63
\BOOKMARK [3][-]{subsubsection.4.7.3}{\376\377\176\277\153\265\150\021\124\010\136\166}{subsection.4.7}% 64
\BOOKMARK [2][-]{subsection.4.8}{\376\377\203\253\226\037\173\227\154\325}{section.4}% 65
\BOOKMARK [2][-]{subsection.4.9}{\376\377\116\073\136\055\150\021}{section.4}% 66
\BOOKMARK [2][-]{subsection.4.10}{\376\377\146\377\177\152\177\212\150\021}{section.4}% 67
\BOOKMARK [2][-]{subsection.4.11}{\376\377\000T\000r\000e\000a\000p}{section.4}% 68
\BOOKMARK [2][-]{subsection.4.12}{\376\377\000S\000p\000l\000a\000y}{section.4}% 69
\BOOKMARK [2][-]{subsection.4.13}{\376\377\000K\000D\000t\000r\000e\000e}{section.4}% 70
\BOOKMARK [2][-]{subsection.4.14}{\376\377\000c\000d\000q\122\006\154\273}{section.4}% 71
\BOOKMARK [2][-]{subsection.4.15}{\376\377\213\342\225\356\171\273\176\277\122\006\154\273}{section.4}% 72
\BOOKMARK [2][-]{subsection.4.16}{\376\377\150\021\224\376\122\126\122\006}{section.4}% 73
\BOOKMARK [2][-]{subsection.4.17}{\376\377\000L\000i\000n\000k\000-\000C\000u\000t\000\040\000t\000r\000e\000e}{section.4}% 74
\BOOKMARK [2][-]{subsection.4.18}{\376\377\206\132\150\021\000d\000p}{section.4}% 75
\BOOKMARK [2][-]{subsection.4.19}{\376\377\143\011\123\363\172\357\160\271\143\222\136\217}{section.4}% 76
\BOOKMARK [2][-]{subsection.4.20}{\376\377\122\250\140\001\226\037\122\027\137\072\122\066\127\050\176\277}{section.4}% 77
\BOOKMARK [2][-]{subsection.4.21}{\376\377\000r\000o\000p\000e}{section.4}% 78
\BOOKMARK [2][-]{subsection.4.22}{\376\377\000b\000i\000t\000s\000e\000t}{section.4}% 79
\BOOKMARK [1][-]{section.5}{\376\377\126\376\213\272}{}% 80
\BOOKMARK [2][-]{subsection.5.1}{\376\377\147\000\167\355\215\357}{section.5}% 81
\BOOKMARK [3][-]{subsubsection.5.1.1}{\376\377\130\006\117\030\123\026\000D\000i\000j\000k\000s\000t\000r\000a}{subsection.5.1}% 82
\BOOKMARK [3][-]{subsubsection.5.1.2}{\376\377\122\040\217\271\147\000\167\355\215\357}{subsection.5.1}% 83
\BOOKMARK [2][-]{subsection.5.2}{\376\377\000T\000a\000r\000j\000a\000n}{section.5}% 84
\BOOKMARK [2][-]{subsection.5.3}{\376\377\000B\000r\000i\000d\000g\000e}{section.5}% 85
\BOOKMARK [2][-]{subsection.5.4}{\376\377\000C\000u\000t\000\040\000P\000o\000i\000n\000t}{section.5}% 86
\BOOKMARK [2][-]{subsection.5.5}{\376\377\0002\000-\000s\000a\000t}{section.5}% 87
\BOOKMARK [2][-]{subsection.5.6}{\376\377\145\057\221\115\150\021}{section.5}% 88
\BOOKMARK [2][-]{subsection.5.7}{\376\377\177\121\176\334\155\101}{section.5}% 89
\BOOKMARK [2][-]{subsection.5.8}{\376\377\116\214\122\006\126\376\123\071\221\115}{section.5}% 90
\BOOKMARK [3][-]{subsubsection.5.8.1}{\376\377\000H\000a\000l\000l\133\232\164\006}{subsection.5.8}% 91
\BOOKMARK [2][-]{subsection.5.9}{\376\377\173\054\000k\167\355\215\357}{section.5}% 92
\BOOKMARK [2][-]{subsection.5.10}{\376\377\000S\000t\000o\000e\000r\000\040\000W\000a\000g\000n\000e\000r}{section.5}% 93
\BOOKMARK [2][-]{subsection.5.11}{\376\377\147\000\131\047\126\342}{section.5}% 94
\BOOKMARK [1][-]{section.6}{\376\377\213\241\173\227\121\340\117\125}{}% 95
\BOOKMARK [2][-]{subsection.6.1}{\376\377\000B\000a\000s\000i\000c}{section.6}% 96
\BOOKMARK [2][-]{subsection.6.2}{\376\377\0002\000D\000\040\000C\000o\000n\000v\000e\000x\000\040\000H\000u\000l\000l}{section.6}% 97
\BOOKMARK [2][-]{subsection.6.3}{\376\377\0003\000D\000\040\000C\000o\000n\000v\000e\000x\000\040\000H\000u\000l\000l}{section.6}% 98
\BOOKMARK [2][-]{subsection.6.4}{\376\377\000H\000a\000l\000f\000p\000l\000a\000n\000e}{section.6}% 99
\BOOKMARK [2][-]{subsection.6.5}{\376\377\131\032\217\271\137\142\221\315\137\303}{section.6}% 100
\BOOKMARK [2][-]{subsection.6.6}{\376\377\145\313\217\154\123\141\130\363}{section.6}% 101
\BOOKMARK [2][-]{subsection.6.7}{\376\377\127\006\166\204\227\142\171\357\116\244\136\166}{section.6}% 102
\BOOKMARK [2][-]{subsection.6.8}{\376\377\127\006\116\016\131\032\217\271\137\142\227\142\171\357\116\244}{section.6}% 103
\BOOKMARK [2][-]{subsection.6.9}{\376\377\147\201\211\322\143\222\136\217}{section.6}% 104
\BOOKMARK [1][-]{section.7}{\376\377\121\166\116\326\173\227\154\325}{}% 105
\BOOKMARK [2][-]{subsection.7.1}{\376\377\000f\000r\000e\000a\000d\213\373\121\145\117\030\123\026}{section.7}% 106
\BOOKMARK [2][-]{subsection.7.2}{\376\377\116\055\177\000\210\150\217\276\137\017\154\102\120\074}{section.7}% 107
\BOOKMARK [2][-]{subsection.7.3}{\376\377\226\217\147\072\123\026}{section.7}% 108
\BOOKMARK [2][-]{subsection.7.4}{\376\377\152\041\142\337\220\000\160\153}{section.7}% 109
\BOOKMARK [2][-]{subsection.7.5}{\376\377\137\002\142\026\176\277\140\047\127\372}{section.7}% 110
\BOOKMARK [2][-]{subsection.7.6}{\376\377\133\214\121\150\126\376\147\000\134\017\165\037\142\020\150\021\000:\000B\000o\000r\000u\000v\000k\000a}{section.7}% 111
\BOOKMARK [2][-]{subsection.7.7}{\376\377\146\374\124\310\230\177\147\000\134\017\165\037\142\020\150\021}{section.7}% 112
\BOOKMARK [1][-]{section.8}{\376\377\000J\000a\000v\000a}{}% 113
\BOOKMARK [2][-]{subsection.8.1}{\376\377\217\223\121\145}{section.8}% 114
\BOOKMARK [2][-]{subsection.8.2}{\376\377\217\223\121\372}{section.8}% 115
\BOOKMARK [2][-]{subsection.8.3}{\376\377\131\047\145\160\174\173}{section.8}% 116
\BOOKMARK [3][-]{subsubsection.8.3.1}{\376\377\000B\000i\000g\000D\000e\000c\000i\000m\000a\000l\166\204\150\074\137\017\143\247\122\066}{subsection.8.3}% 117
\BOOKMARK [3][-]{subsubsection.8.3.2}{\376\377\122\033\136\372\000B\000i\000g\000D\000e\000c\000i\000m\000a\000l\133\371\214\141}{subsection.8.3}% 118
\BOOKMARK [3][-]{subsubsection.8.3.3}{\376\377\133\371\000b\000i\000g\000N\000u\000m\000b\000e\000r\166\204\120\074\116\130\116\345\0001\0000\0000\0000\377\014\176\323\147\234\215\113\116\210\000b\000i\000g\000R\000e\000s\000u\000l\000t}{subsection.8.3}% 119
\BOOKMARK [3][-]{subsubsection.8.3.4}{\376\377\000B\000i\000g\000I\000n\000t\000e\000g\000e\000r\166\204\217\333\122\066\217\154\143\142}{subsection.8.3}% 120
\BOOKMARK [2][-]{subsection.8.4}{\376\377\134\017\145\160\126\333\202\015\116\224\121\145}{section.8}% 121
\BOOKMARK [2][-]{subsection.8.5}{\376\377\232\330\174\276\136\246\134\017\145\160\000A\000+\000B\377\014\217\223\121\372\147\000\173\200\176\323\147\234}{section.8}% 122
\BOOKMARK [2][-]{subsection.8.6}{\376\377\145\220\154\342\220\243\131\121\145\160\122\027}{section.8}% 123
\BOOKMARK [2][-]{subsection.8.7}{\376\377\116\044\116\052\232\330\174\276\136\246\155\156\160\271\145\160\153\324\217\203\146\057\124\046\166\370\173\111}{section.8}% 124
